<?xml version="1.0" encoding="UTF-8"?>
<testsuite xmlns:xsi="http://www.w3.org/2001/XMLSchema-instance" xsi:noNamespaceSchemaLocation="https://maven.apache.org/surefire/maven-surefire-plugin/xsd/surefire-test-report.xsd" version="3.0.2" name="co.vinni.estudiantes.EstudianteRecursoTest" time="5.308" tests="1" errors="0" skipped="0" failures="0">
  <properties>
[...]
</properties>
  <testcase name="testCrearCliente" classname="co.vinni.clientes.ClienteRecursoTest" time="1.096">
    <system-out><![CDATA[2026-04-09 21:36:07,781 WARN  [io.qua.config] (build-25) Unrecognized configuration file C:\Users\Sala_\Downloads\quarkusgestiondocente-master\quarkusgestiondocente-master\target\classes\application.oldproperties found; Please, check if your are providing the proper extension to load the file
2026-04-09 21:36:11,262 INFO  [org.hib.orm.jpa] (main) HHH008540: Processing PersistenceUnitInfo [name: <default>]
2026-04-09 21:36:11,348 INFO  [org.hib.orm.core] (main) HHH000001: Hibernate ORM core version 7.2.6.Final
2026-04-09 21:36:11,499 INFO  [org.hib.orm.con.pooling] (main) HHH10001005: Database info:
	Database JDBC URL [undefined/unknown]
	Database driver: undefined/unknown
	Database dialect: PostgreSQLDialect
	Database version: 13.0
	Default catalog/schema: unknown/unknown
	Autocommit mode: undefined/unknown
	Isolation level: <unknown>
	JDBC fetch size: undefined/unknown
	Pool: undefined/unknown
	Minimum pool size: undefined/unknown
	Maximum pool size: undefined/unknown
2026-04-09 21:36:11,686 INFO  [org.hib.val.int.uti.Version] (main) HV000001: Hibernate Validator 9.1.0.Final
2026-04-09 21:36:11,942 WARN  [io.qua.config] (main) Unrecognized configuration key "quarkus.http.cors-origins" was provided; it will be ignored; verify that the dependency extension for this configuration is set or that you did not make a typo
2026-04-09 21:36:11,942 WARN  [io.qua.config] (main) Unrecognized configuration key "quarkus.http.cors" was provided; it will be ignored; verify that the dependency extension for this configuration is set or that you did not make a typo
2026-04-09 21:36:11,942 WARN  [io.qua.config] (main) Unrecognized configuration key "quarkus.log.console.dark-launch" was provided; it will be ignored; verify that the dependency extension for this configuration is set or that you did not make a typo
2026-04-09 21:36:11,942 WARN  [io.qua.config] (main) Unrecognized configuration key "quarkus.http.cors-methods" was provided; it will be ignored; verify that the dependency extension for this configuration is set or that you did not make a typo
2026-04-09 21:36:11,942 WARN  [io.qua.config] (main) Unrecognized configuration key "quarkus.swagger-ui.version" was provided; it will be ignored; verify that the dependency extension for this configuration is set or that you did not make a typo
2026-04-09 21:36:11,943 WARN  [io.qua.config] (main) Unrecognized configuration key "quarkus.http.cors-headers" was provided; it will be ignored; verify that the dependency extension for this configuration is set or that you did not make a typo
2026-04-09 21:36:11,943 WARN  [io.qua.config] (main) Unrecognized configuration key "quarkus.swagger-ui.contact-name" was provided; it will be ignored; verify that the dependency extension for this configuration is set or that you did not make a typo
2026-04-09 21:36:11,943 WARN  [io.qua.config] (main) Unrecognized configuration key "quarkus.swagger-ui.description" was provided; it will be ignored; verify that the dependency extension for this configuration is set or that you did not make a typo
&amp#27;[35m[Hibernate]&amp#27;[0m 
    &amp#27;[34mcreate&amp#27;[0m &amp#27;[34mtable&amp#27;[0m Estudiantes (
        identificacion &amp#27;[34mvarchar&amp#27;[0m(255) &amp#27;[34mnot&amp#27;[0m &amp#27;[34mnull&amp#27;[0m,
        correo &amp#27;[34mvarchar&amp#27;[0m(255),
        edad &amp#27;[34minteger&amp#27;[0m,
        nombreCompleto &amp#27;[34mvarchar&amp#27;[0m(255),
        programaAcademico &amp#27;[34mvarchar&amp#27;[0m(255),
        &amp#27;[34mprimary&amp#27;[0m &amp#27;[34mkey&amp#27;[0m (identificacion)
    )
{"timestamp":"2026-04-09T21:36:15.1726002-05:00","sequence":1414,"loggerClassName":"org.jboss.logging.Logger","loggerName":"io.quarkus","level":"INFO","message":"Gestion de estudiantes 1.0-SNAPSHOT on JVM (powered by Quarkus 3.32.2) started in 8.993s. Listening on: http://localhost:8081","threadName":"main","threadId":1,"mdc":{},"ndc":"","hostName":"cls14e14","processName":"C:\\Program Files\\Java\\jdk-21\\bin\\java.exe","processId":20860}
{"timestamp":"2026-04-09T21:36:15.1746081-05:00","sequence":1415,"loggerClassName":"org.jboss.logging.Logger","loggerName":"io.quarkus","level":"INFO","message":"Profile test activated. ","threadName":"main","threadId":1,"mdc":{},"ndc":"","hostName":"cls14e14","processName":"C:\\Program Files\\Java\\jdk-21\\bin\\java.exe","processId":20860}
{"timestamp":"2026-04-09T21:36:15.1746081-05:00","sequence":1416,"loggerClassName":"org.jboss.logging.Logger","loggerName":"io.quarkus","level":"INFO","message":"Installed features: [agroal, cdi, compose, config-yaml, hibernate-orm, hibernate-orm-panache, hibernate-orm-rest-data-panache, hibernate-validator, jdbc-h2, jdbc-postgresql, narayana-jta, rest, rest-jackson, rest-links, smallrye-context-propagation, smallrye-openapi, swagger-ui, vertx]","threadName":"main","threadId":1,"mdc":{},"ndc":"","hostName":"cls14e14","processName":"C:\\Program Files\\Java\\jdk-21\\bin\\java.exe","processId":20860}
&amp#27;[35m[Hibernate]&amp#27;[0m 
    &amp#27;[34minsert&amp#27;[0m 
    &amp#27;[34minto&amp#27;[0m
        Estudiantes
        (correo, edad, nombreCompleto, programaAcademico, identificacion) 
    &amp#27;[34mvalues&amp#27;[0m
        (?, ?, ?, ?, ?)
]]></system-out>
    <system-err><![CDATA[LogManager error of type GENERIC_FAILURE: Failed to move file logs\gestudiantes.log to logs\gestudiantes.log2026-04-09.1.
java.nio.file.FileSystemException: logs\gestudiantes.log -> logs\gestudiantes.log2026-04-09.1: El proceso no tiene acceso al archivo porque está siendo utilizado por otro proceso
	at java.base/sun.nio.fs.WindowsException.translateToIOException(WindowsException.java:92)
	at java.base/sun.nio.fs.WindowsException.rethrowAsIOException(WindowsException.java:103)
	at java.base/sun.nio.fs.WindowsFileCopy.move(WindowsFileCopy.java:414)
	at java.base/sun.nio.fs.WindowsFileSystemProvider.move(WindowsFileSystemProvider.java:291)
	at java.base/java.nio.file.Files.move(Files.java:1430)
	at org.jboss.logmanager.handlers.SuffixRotator.move(SuffixRotator.java:255)
	at org.jboss.logmanager.handlers.SuffixRotator.rotate(SuffixRotator.java:182)
	at org.jboss.logmanager.handlers.SuffixRotator.rotate(SuffixRotator.java:241)
	at org.jboss.logmanager.handlers.PeriodicSizeRotatingFileHandler.setFile(PeriodicSizeRotatingFileHandler.java:171)
	at io.quarkus.runtime.logging.LoggingSetupRecorder.configureFileHandler(LoggingSetupRecorder.java:702)
	at io.quarkus.runtime.logging.LoggingSetupRecorder.initializeLogging(LoggingSetupRecorder.java:215)
	at io.quarkus.runner.recorded.LoggingResourceProcessor$setupLoggingRuntimeInit1072790680.deploy_0(Unknown Source)
	at io.quarkus.runner.recorded.LoggingResourceProcessor$setupLoggingRuntimeInit1072790680.deploy(Unknown Source)
	at io.quarkus.runner.ApplicationImpl.doStart(Unknown Source)
	at io.quarkus.runtime.Application.start(Application.java:112)
	at java.base/jdk.internal.reflect.DirectMethodHandleAccessor.invoke(DirectMethodHandleAccessor.java:103)
	at java.base/java.lang.reflect.Method.invoke(Method.java:580)
	at io.quarkus.runner.bootstrap.StartupActionImpl.run(StartupActionImpl.java:352)
	at io.quarkus.test.junit.QuarkusTestExtension.doJavaStart(QuarkusTestExtension.java:232)
	at io.quarkus.test.junit.QuarkusTestExtension.ensureStarted(QuarkusTestExtension.java:646)
	at io.quarkus.test.junit.QuarkusTestExtension.beforeAll(QuarkusTestExtension.java:691)
	at org.junit.jupiter.engine.descriptor.CallbackSupport.lambda$invokeBeforeCallbacks$0(CallbackSupport.java:34)
	at org.junit.platform.engine.support.hierarchical.ThrowableCollector.execute(ThrowableCollector.java:74)
	at org.junit.jupiter.engine.descriptor.CallbackSupport.invokeBeforeCallbacks(CallbackSupport.java:34)
	at org.junit.jupiter.engine.descriptor.ClassBasedTestDescriptor.invokeBeforeAllCallbacks(ClassBasedTestDescriptor.java:436)
	at org.junit.jupiter.engine.descriptor.ClassBasedTestDescriptor.before(ClassBasedTestDescriptor.java:247)
	at org.junit.jupiter.engine.descriptor.ClassBasedTestDescriptor.before(ClassBasedTestDescriptor.java:88)
	at org.junit.platform.engine.support.hierarchical.NodeTestTask.lambda$executeRecursively$2(NodeTestTask.java:173)
	at org.junit.platform.engine.support.hierarchical.ThrowableCollector.execute(ThrowableCollector.java:74)
	at org.junit.platform.engine.support.hierarchical.NodeTestTask.lambda$executeRecursively$1(NodeTestTask.java:166)
	at org.junit.platform.engine.support.hierarchical.Node.around(Node.java:138)
	at org.junit.platform.engine.support.hierarchical.NodeTestTask.lambda$executeRecursively$0(NodeTestTask.java:164)
	at org.junit.platform.engine.support.hierarchical.ThrowableCollector.execute(ThrowableCollector.java:74)
	at org.junit.platform.engine.support.hierarchical.NodeTestTask.executeRecursively(NodeTestTask.java:163)
	at org.junit.platform.engine.support.hierarchical.NodeTestTask.execute(NodeTestTask.java:116)
	at java.base/java.util.ArrayList.forEach(ArrayList.java:1596)
	at org.junit.platform.engine.support.hierarchical.SameThreadHierarchicalTestExecutorService.invokeAll(SameThreadHierarchicalTestExecutorService.java:42)
	at org.junit.platform.engine.support.hierarchical.NodeTestTask.lambda$executeRecursively$2(NodeTestTask.java:180)
	at org.junit.platform.engine.support.hierarchical.ThrowableCollector.execute(ThrowableCollector.java:74)
	at org.junit.platform.engine.support.hierarchical.NodeTestTask.lambda$executeRecursively$1(NodeTestTask.java:166)
	at org.junit.platform.engine.support.hierarchical.Node.around(Node.java:138)
	at org.junit.platform.engine.support.hierarchical.NodeTestTask.lambda$executeRecursively$0(NodeTestTask.java:164)
	at org.junit.platform.engine.support.hierarchical.ThrowableCollector.execute(ThrowableCollector.java:74)
	at org.junit.platform.engine.support.hierarchical.NodeTestTask.executeRecursively(NodeTestTask.java:163)
	at org.junit.platform.engine.support.hierarchical.NodeTestTask.execute(NodeTestTask.java:116)
	at org.junit.platform.engine.support.hierarchical.SameThreadHierarchicalTestExecutorService.submit(SameThreadHierarchicalTestExecutorService.java:36)
	at org.junit.platform.engine.support.hierarchical.HierarchicalTestExecutor.execute(HierarchicalTestExecutor.java:52)
	at org.junit.platform.engine.support.hierarchical.HierarchicalTestEngine.execute(HierarchicalTestEngine.java:58)
	at org.junit.platform.launcher.core.EngineExecutionOrchestrator.executeEngine(EngineExecutionOrchestrator.java:246)
	at org.junit.platform.launcher.core.EngineExecutionOrchestrator.failOrExecuteEngine(EngineExecutionOrchestrator.java:218)
	at org.junit.platform.launcher.core.EngineExecutionOrchestrator.execute(EngineExecutionOrchestrator.java:179)
	at org.junit.platform.launcher.core.EngineExecutionOrchestrator.execute(EngineExecutionOrchestrator.java:108)
	at org.junit.platform.launcher.core.EngineExecutionOrchestrator.lambda$execute$0(EngineExecutionOrchestrator.java:66)
	at org.junit.platform.launcher.core.EngineExecutionOrchestrator.withInterceptedStreams(EngineExecutionOrchestrator.java:157)
	at org.junit.platform.launcher.core.EngineExecutionOrchestrator.execute(EngineExecutionOrchestrator.java:65)
	at org.junit.platform.launcher.core.DefaultLauncher.execute(DefaultLauncher.java:125)
	at org.junit.platform.launcher.core.DefaultLauncher.execute(DefaultLauncher.java:114)
	at org.junit.platform.launcher.core.DelegatingLauncher.execute(DelegatingLauncher.java:58)
	at org.junit.platform.launcher.core.InterceptingLauncher.lambda$execute$2(InterceptingLauncher.java:57)
	at org.junit.platform.launcher.core.ClasspathAlignmentCheckingLauncherInterceptor.intercept(ClasspathAlignmentCheckingLauncherInterceptor.java:25)
	at org.junit.platform.launcher.core.InterceptingLauncher.execute(InterceptingLauncher.java:56)
	at org.junit.platform.launcher.core.DelegatingLauncher.execute(DelegatingLauncher.java:58)
	at java.base/jdk.internal.reflect.DirectMethodHandleAccessor.invoke(DirectMethodHandleAccessor.java:103)
	at java.base/java.lang.reflect.Method.invoke(Method.java:580)
	at org.apache.maven.surefire.api.util.ReflectionUtils.invokeMethodWithArray(ReflectionUtils.java:125)
	at org.apache.maven.surefire.junitplatform.LauncherAdapter.executeWithCancellationToken(LauncherAdapter.java:68)
	at org.apache.maven.surefire.junitplatform.LauncherAdapter.execute(LauncherAdapter.java:54)
	at org.apache.maven.surefire.junitplatform.JUnitPlatformProvider.execute(JUnitPlatformProvider.java:203)
	at org.apache.maven.surefire.junitplatform.JUnitPlatformProvider.invokeAllTests(JUnitPlatformProvider.java:168)
	at org.apache.maven.surefire.junitplatform.JUnitPlatformProvider.invoke(JUnitPlatformProvider.java:136)
	at org.apache.maven.surefire.booter.ForkedBooter.runSuitesInProcess(ForkedBooter.java:385)
	at org.apache.maven.surefire.booter.ForkedBooter.execute(ForkedBooter.java:162)
	at org.apache.maven.surefire.booter.ForkedBooter.run(ForkedBooter.java:507)
	at org.apache.maven.surefire.booter.ForkedBooter.main(ForkedBooter.java:495)
]]></system-err>
  </testcase>
</testsuite>